\BOOKMARK [0][-]{chapter.1}{\376\377\000P\000r\000e\000f\000\341\000c\000i\000o}{}% 1
\BOOKMARK [1][-]{section.1.1}{\376\377\000A\000t\000e\000n\000\347\000\343\000o}{chapter.1}% 2
\BOOKMARK [1][-]{section.1.2}{\376\377\000A\000\040\000p\000r\000o\000p\000o\000s\000t\000a}{chapter.1}% 3
\BOOKMARK [1][-]{section.1.3}{\376\377\000O\000b\000j\000e\000t\000i\000v\000o}{chapter.1}% 4
\BOOKMARK [1][-]{section.1.4}{\376\377\000P\000\372\000b\000l\000i\000c\000o\000-\000a\000l\000v\000o}{chapter.1}% 5
\BOOKMARK [1][-]{section.1.5}{\376\377\000F\000o\000r\000m\000a\000t\000o\000\040\000d\000o\000\040\000l\000i\000v\000r\000o}{chapter.1}% 6
\BOOKMARK [1][-]{section.1.6}{\376\377\000C\000o\000m\000o\000\040\000u\000s\000a\000r\000\040\000e\000s\000t\000e\000\040\000l\000i\000v\000r\000o}{chapter.1}% 7
\BOOKMARK [1][-]{section.1.7}{\376\377\000P\000e\000s\000q\000u\000i\000s\000a\000s\000\040\000e\000\040\000d\000a\000d\000o\000s}{chapter.1}% 8
\BOOKMARK [1][-]{section.1.8}{\376\377\000O\000\040\000R\000\040\000e\000\040\000o\000s\000\040\000p\000a\000c\000o\000t\000e\000s}{chapter.1}% 9
\BOOKMARK [1][-]{section.1.9}{\376\377\000J\000A\000S\000P}{chapter.1}% 10
\BOOKMARK [1][-]{section.1.10}{\376\377\000O\000u\000t\000r\000o\000s\000\040\000r\000e\000c\000u\000r\000s\000o\000s}{chapter.1}% 11
\BOOKMARK [1][-]{section.1.11}{\376\377\000C\000a\000p\000a}{chapter.1}% 12
\BOOKMARK [1][-]{section.1.12}{\376\377\000V\000e\000r\000s\000\343\000o\000\040\000d\000o\000\040\000l\000i\000v\000r\000o}{chapter.1}% 13
\BOOKMARK [1][-]{section.1.13}{\376\377\000A\000u\000t\000o\000r}{chapter.1}% 14
\BOOKMARK [1][-]{section.1.14}{\376\377\000R\000e\000v\000i\000s\000\343\000o\000\040\000t\000\351\000c\000n\000i\000c\000a}{chapter.1}% 15
\BOOKMARK [1][-]{section.1.15}{\376\377\000A\000g\000r\000a\000d\000e\000c\000i\000m\000e\000n\000t\000o\000s}{chapter.1}% 16
\BOOKMARK [0][-]{chapter.2}{\376\377\000P\000r\000o\000g\000r\000a\000m\000a\000s\000\040\000e\000s\000t\000a\000t\000\355\000s\000t\000i\000c\000o\000s}{}% 17
\BOOKMARK [1][-]{section.2.1}{\376\377\000O\000\040\000R}{chapter.2}% 18
\BOOKMARK [1][-]{section.2.2}{\376\377\000T\000i\000d\000y\000v\000e\000r\000s\000e}{chapter.2}% 19
\BOOKMARK [1][-]{section.2.3}{\376\377\000D\000i\000f\000i\000c\000u\000l\000d\000a\000d\000e\000s\000\040\000e\000s\000p\000e\000r\000a\000d\000a\000s}{chapter.2}% 20
\BOOKMARK [1][-]{section.2.4}{\376\377\000V\000e\000r\000b\000o\000s\000\040\000d\000o\000\040\000d\000p\000l\000y\000r}{chapter.2}% 21
\BOOKMARK [1][-]{section.2.5}{\376\377\000O\000\040\000J\000A\000S\000P}{chapter.2}% 22
\BOOKMARK [1][-]{section.2.6}{\376\377\000R\000e\000s\000u\000m\000o}{chapter.2}% 23
\BOOKMARK [0][-]{chapter.3}{\376\377\000A\000s\000p\000e\000c\000t\000o\000s\000\040\000g\000e\000r\000a\000i\000s}{}% 24
\BOOKMARK [1][-]{section.3.1}{\376\377\000O\000s\000\040\000o\000b\000j\000e\000t\000i\000v\000o\000s\000\040\000d\000e\000\040\000u\000m\000a\000\040\000p\000e\000s\000q\000u\000i\000s\000a}{chapter.3}% 25
\BOOKMARK [1][-]{section.3.2}{\376\377\000A\000\040\000d\000i\000m\000e\000n\000s\000\343\000o\000\040\000t\000e\000m\000p\000o\000r\000a\000l\000\040\000d\000e\000\040\000u\000m\000a\000\040\000p\000e\000s\000q\000u\000i\000s\000a}{chapter.3}% 26
\BOOKMARK [1][-]{section.3.3}{\376\377\000c\000o\000n\000c\000e\000i\000t\000o\000s\000\040\000f\000u\000n\000d\000a\000m\000e\000n\000t\000a\000i\000s}{chapter.3}% 27
\BOOKMARK [2][-]{subsection.3.3.1}{\376\377\000M\000o\000d\000e\000l\000o\000s\000\040\000c\000i\000e\000n\000t\000\355\000f\000i\000c\000o\000s}{section.3.3}% 28
\BOOKMARK [2][-]{subsection.3.3.2}{\376\377\000V\000a\000r\000i\000\341\000v\000e\000i\000s}{section.3.3}% 29
\BOOKMARK [2][-]{subsection.3.3.3}{\376\377\000D\000e\000l\000i\000n\000e\000a\000m\000e\000n\000t\000o\000s\000\040\000d\000e\000\040\000p\000e\000s\000q\000u\000i\000s\000a}{section.3.3}% 30
\BOOKMARK [2][-]{subsection.3.3.4}{\376\377\000D\000e\000l\000i\000n\000e\000a\000m\000e\000n\000t\000o\000s\000\040\000o\000b\000s\000e\000r\000v\000a\000c\000i\000o\000n\000a\000i\000s\000\040\000\050\000e\000\040\000c\000o\000r\000r\000e\000l\000a\000c\000i\000o\000n\000a\000i\000s\000\051}{section.3.3}% 31
\BOOKMARK [2][-]{subsection.3.3.5}{\376\377\000D\000e\000l\000i\000n\000e\000a\000m\000e\000n\000t\000o\000s\000\040\000e\000x\000p\000e\000r\000i\000m\000e\000n\000t\000a\000i\000s}{section.3.3}% 32
\BOOKMARK [1][-]{section.3.4}{\376\377\000C\000o\000n\000s\000i\000d\000e\000r\000a\000\347\000\365\000e\000s\000\040\000s\000o\000b\000r\000e\000\040\000e\000s\000c\000a\000l\000a\000s\000\040\000d\000e\000\040\000m\000e\000d\000i\000d\000a\000\040\000e\000\040\000o\000\040\000p\000r\000o\000c\000e\000s\000s\000o\000\040\000d\000e\000\040\000m\000e\000n\000s\000u\000r\000a\000\347\000\343\000o\000\040\000e\000m\000\040\000P\000s\000i\000c\000o\000l\000o\000g\000i\000a}{chapter.3}% 33
\BOOKMARK [2][-]{subsection.3.4.1}{\376\377\000E\000s\000c\000a\000l\000a\000\040\000n\000o\000m\000i\000n\000a\000l}{section.3.4}% 34
\BOOKMARK [2][-]{subsection.3.4.2}{\376\377\000E\000s\000c\000a\000l\000a\000\040\000o\000r\000d\000i\000n\000a\000l}{section.3.4}% 35
\BOOKMARK [2][-]{subsection.3.4.3}{\376\377\000E\000s\000c\000a\000l\000a\000\040\000i\000n\000t\000e\000r\000v\000a\000l\000a\000r}{section.3.4}% 36
\BOOKMARK [2][-]{subsection.3.4.4}{\376\377\000E\000s\000c\000a\000l\000a\000\040\000d\000e\000\040\000r\000a\000z\000\343\000o}{section.3.4}% 37
\BOOKMARK [2][-]{subsection.3.4.5}{\376\377\000S\000\355\000n\000t\000e\000s\000e\000\040\000d\000a\000s\000\040\000c\000a\000r\000a\000c\000t\000e\000r\000\355\000s\000t\000i\000c\000a\000s\000\040\000d\000e\000\040\000c\000a\000d\000a\000\040\000e\000s\000c\000a\000l\000a}{section.3.4}% 38
\BOOKMARK [2][-]{subsection.3.4.6}{\376\377\000A\000s\000\040\000e\000s\000c\000a\000l\000a\000s\000\040\000d\000e\000\040\000S\000t\000e\000v\000e\000n\000s\000\040\000e\000\040\000u\000m\000a\000\040\000t\000e\000n\000t\000a\000t\000i\000v\000a\000\040\000d\000e\000\040\000a\000g\000r\000u\000p\000a\000m\000e\000n\000t\000o}{section.3.4}% 39
\BOOKMARK [2][-]{subsection.3.4.7}{\376\377\000V\000a\000r\000i\000\341\000v\000e\000i\000s\000\040\000d\000i\000s\000c\000r\000e\000t\000a\000s\000\040\000o\000u\000\040\000c\000o\000n\000t\000\355\000n\000u\000a\000s}{section.3.4}% 40
\BOOKMARK [2][-]{subsection.3.4.8}{\376\377\000H\000i\000e\000r\000a\000r\000q\000u\000i\000a\000\040\000d\000a\000\040\000c\000l\000a\000s\000s\000i\000f\000i\000c\000a\000\347\000\343\000o\000\040\000e\000\040\000a\000\040\000i\000m\000p\000o\000r\000t\000\342\000n\000c\000i\000a\000\040\000d\000e\000s\000s\000e\000s\000\040\000c\000o\000n\000c\000e\000i\000t\000o\000s\000\040\000h\000o\000j\000e\000\040\000e\000m\000\040\000d\000i\000a}{section.3.4}% 41
\BOOKMARK [2][-]{subsection.3.4.9}{\376\377\000E\000m\000\040\000q\000u\000a\000l\000\040\000e\000s\000c\000a\000l\000a\000\040\000d\000e\000v\000e\000m\000o\000s\000\040\000c\000l\000a\000s\000s\000i\000f\000i\000c\000a\000r\000\040\000o\000s\000\040\000t\000e\000s\000t\000e\000s\000\040\000p\000s\000i\000c\000o\000l\000\363\000g\000i\000c\000o\000s}{section.3.4}% 42
\BOOKMARK [1][-]{section.3.5}{\376\377\000P\000r\000i\000n\000c\000i\000p\000a\000i\000s\000\040\000\341\000r\000e\000a\000s\000\040\000d\000a\000\040\000e\000s\000t\000a\000t\000\355\000s\000t\000i\000c\000a}{chapter.3}% 43
\BOOKMARK [1][-]{section.3.6}{\376\377\000R\000e\000s\000u\000m\000o}{chapter.3}% 44
\BOOKMARK [1][-]{section.3.7}{\376\377\000Q\000u\000e\000s\000t\000\365\000e\000s}{chapter.3}% 45
\BOOKMARK [0][-]{chapter.4}{\376\377\000E\000s\000t\000a\000t\000\355\000s\000t\000i\000c\000a\000\040\000D\000e\000s\000c\000r\000i\000t\000i\000v\000a}{}% 46
\BOOKMARK [1][-]{section.4.1}{\376\377\000T\000a\000b\000e\000l\000a\000s}{chapter.4}% 47
\BOOKMARK [1][-]{section.4.2}{\376\377\000G\000r\000\341\000f\000i\000c\000o\000s}{chapter.4}% 48
\BOOKMARK [1][-]{section.4.3}{\376\377\000M\000e\000d\000i\000d\000a\000s\000\040\000d\000e\000\040\000p\000o\000s\000i\000\347\000\343\000o\000\040\000e\000\040\000d\000i\000s\000p\000e\000r\000s\000\343\000o}{chapter.4}% 49
\BOOKMARK [1][-]{section.4.4}{\376\377\000M\000\351\000d\000i\000a}{chapter.4}% 50
\BOOKMARK [1][-]{section.4.5}{\376\377\000M\000e\000d\000i\000a\000n\000a}{chapter.4}% 51
\BOOKMARK [1][-]{section.4.6}{\376\377\000M\000o\000d\000a}{chapter.4}% 52
\BOOKMARK [1][-]{section.4.7}{\376\377\000A\000m\000p\000l\000i\000t\000u\000d\000e}{chapter.4}% 53
\BOOKMARK [1][-]{section.4.8}{\376\377\000A\000m\000p\000l\000i\000t\000u\000d\000e\000\040\000i\000n\000t\000e\000r\000q\000u\000a\000r\000t\000i\000l}{chapter.4}% 54
\BOOKMARK [1][-]{section.4.9}{\376\377\000V\000a\000r\000i\000\342\000n\000c\000i\000a\000\040\000e\000\040\000D\000e\000s\000v\000i\000o\000-\000p\000a\000d\000r\000\343\000o}{chapter.4}% 55
\BOOKMARK [1][-]{section.4.10}{\376\377\000M\000o\000m\000e\000n\000t\000o\000s\000\040\000e\000s\000t\000a\000t\000\355\000s\000t\000i\000c\000o\000s}{chapter.4}% 56
\BOOKMARK [1][-]{section.4.11}{\376\377\000P\000e\000s\000q\000u\000i\000s\000a}{chapter.4}% 57
\BOOKMARK [1][-]{section.4.12}{\376\377\000E\000x\000e\000c\000u\000\347\000\343\000o\000\040\000n\000o\000\040\000R}{chapter.4}% 58
\BOOKMARK [1][-]{section.4.13}{\376\377\000G\000r\000\341\000f\000i\000c\000o\000s}{chapter.4}% 59
\BOOKMARK [1][-]{section.4.14}{\376\377\0001\000\040\000v\000a\000r\000i\000\341\000v\000e\000l\000\040\000d\000i\000s\000c\000r\000e\000t\000a}{chapter.4}% 60
\BOOKMARK [1][-]{section.4.15}{\376\377\0001\000\040\000v\000a\000r\000i\000\341\000v\000e\000l\000\040\000c\000o\000n\000t\000\355\000n\000u\000a}{chapter.4}% 61
\BOOKMARK [1][-]{section.4.16}{\376\377\0002\000\040\000v\000a\000r\000i\000\341\000v\000e\000i\000s\000\040\000c\000o\000m\000\040\000V\000I\000\040\000d\000i\000s\000c\000r\000e\000t\000a\000\040\000\050\000e\000\040\000V\000D\000\040\000c\000o\000n\000t\000\355\000n\000u\000a\000\051}{chapter.4}% 62
\BOOKMARK [1][-]{section.4.17}{\376\377\0002\000\040\000v\000a\000r\000i\000\341\000v\000e\000i\000s\000\040\000c\000o\000m\000\040\000V\000I\000\040\000c\000o\000n\000t\000\355\000n\000u\000a\000\040\000\050\000e\000\040\000V\000D\000\040\000c\000o\000n\000t\000\355\000n\000u\000a\000\051}{chapter.4}% 63
\BOOKMARK [1][-]{section.4.18}{\376\377\000O\000u\000t\000r\000o\000s\000\040\000g\000r\000\341\000f\000i\000c\000o\000s\000\040\000e\000\040\000c\000o\000n\000f\000i\000g\000u\000r\000a\000\347\000\365\000e\000s}{chapter.4}% 64
\BOOKMARK [1][-]{section.4.19}{\376\377\000E\000x\000e\000c\000u\000\347\000\343\000o\000\040\000n\000o\000\040\000J\000A\000S\000P}{chapter.4}% 65
\BOOKMARK [1][-]{section.4.20}{\376\377\000T\000a\000b\000e\000l\000a\000s}{chapter.4}% 66
\BOOKMARK [1][-]{section.4.21}{\376\377\000G\000r\000\341\000f\000i\000c\000o\000s}{chapter.4}% 67
\BOOKMARK [1][-]{section.4.22}{\376\377\0001\000\040\000v\000a\000r\000i\000\341\000v\000e\000l\000\040\000d\000i\000s\000c\000r\000e\000t\000a}{chapter.4}% 68
\BOOKMARK [1][-]{section.4.23}{\376\377\0001\000\040\000v\000a\000r\000i\000\341\000v\000e\000l\000\040\000c\000o\000n\000t\000\355\000n\000u\000a}{chapter.4}% 69
\BOOKMARK [1][-]{section.4.24}{\376\377\0002\000\040\000v\000a\000r\000i\000\341\000v\000e\000i\000s\000\040\000c\000o\000m\000\040\000V\000I\000\040\000d\000i\000s\000c\000r\000e\000t\000a\000\040\000\050\000e\000\040\000V\000D\000\040\000c\000o\000n\000t\000\355\000n\000u\000a\000\051}{chapter.4}% 70
\BOOKMARK [1][-]{section.4.25}{\376\377\0002\000\040\000v\000a\000r\000i\000\341\000v\000e\000i\000s\000\040\000c\000o\000m\000\040\000V\000I\000\040\000c\000o\000n\000t\000\355\000n\000u\000a\000\040\000\050\000e\000\040\000V\000D\000\040\000c\000o\000n\000t\000\355\000n\000u\000a\000\051}{chapter.4}% 71
\BOOKMARK [1][-]{section.4.26}{\376\377\000O\000u\000t\000r\000o\000s\000\040\000g\000r\000\341\000f\000i\000c\000o\000s\000\040\000e\000\040\000c\000o\000n\000f\000i\000g\000u\000r\000a\000\347\000\365\000e\000s}{chapter.4}% 72
\BOOKMARK [1][-]{section.4.27}{\376\377\000R\000e\000s\000u\000m\000o}{chapter.4}% 73
\BOOKMARK [1][-]{section.4.28}{\376\377\000Q\000u\000e\000s\000t\000\365\000e\000s}{chapter.4}% 74
\BOOKMARK [0][-]{chapter.5}{\376\377\000F\000a\000m\000\355\000l\000i\000a\000\040\000d\000e\000\040\000d\000i\000s\000t\000r\000i\000b\000u\000i\000\347\000\365\000e\000s}{}% 75
\BOOKMARK [1][-]{section.5.1}{\376\377\000D\000i\000s\000t\000r\000i\000b\000u\000i\000\347\000\343\000o\000\040\000s\000i\000m\000\351\000t\000r\000i\000c\000a}{chapter.5}% 76
\BOOKMARK [1][-]{section.5.2}{\376\377\000A\000s\000s\000i\000m\000e\000t\000r\000i\000a\000\040\000\340\000\040\000d\000i\000r\000e\000i\000t\000a}{chapter.5}% 77
\BOOKMARK [1][-]{section.5.3}{\376\377\000A\000s\000s\000i\000m\000e\000t\000r\000i\000a\000\040\000\340\000\040\000e\000s\000q\000u\000e\000r\000d\000a\000\040\000\050\000o\000u\000\040\000n\000e\000g\000a\000t\000i\000v\000a\000\051}{chapter.5}% 78
\BOOKMARK [1][-]{section.5.4}{\376\377\000A\000\040\000d\000i\000s\000t\000r\000i\000b\000u\000i\000\347\000\343\000o\000\040\000n\000o\000r\000m\000a\000l}{chapter.5}% 79
\BOOKMARK [1][-]{section.5.5}{\376\377\000A\000\040\000r\000e\000g\000r\000a\000\040\000e\000m\000p\000\355\000r\000i\000c\000a}{chapter.5}% 80
\BOOKMARK [1][-]{section.5.6}{\376\377\000U\000m\000\040\000r\000e\000s\000u\000m\000o\000\040\000v\000i\000s\000u\000a\000l}{chapter.5}% 81
\BOOKMARK [1][-]{section.5.7}{\376\377\000I\000m\000p\000o\000r\000t\000\342\000n\000c\000i\000a\000\040\000i\000n\000f\000e\000r\000e\000n\000c\000i\000a\000l}{chapter.5}% 82
\BOOKMARK [1][-]{section.5.8}{\376\377\000R\000e\000s\000u\000m\000o}{chapter.5}% 83
\BOOKMARK [0][-]{chapter.6}{\376\377\000T\000i\000p\000o\000s\000\040\000d\000e\000\040\000a\000m\000o\000s\000t\000r\000a\000g\000e\000m}{}% 84
\BOOKMARK [1][-]{section.6.1}{\376\377\000A\000m\000o\000s\000t\000r\000a\000g\000e\000m\000\040\000a\000l\000e\000a\000t\000\363\000r\000i\000a\000\040\000s\000i\000m\000p\000l\000e\000s}{chapter.6}% 85
\BOOKMARK [1][-]{section.6.2}{\376\377\000A\000m\000o\000s\000t\000r\000a\000g\000e\000m\000\040\000a\000l\000e\000a\000t\000\363\000r\000i\000a\000\040\000s\000i\000s\000t\000e\000m\000\341\000t\000i\000c\000a}{chapter.6}% 86
\BOOKMARK [1][-]{section.6.3}{\376\377\000A\000m\000o\000s\000t\000r\000a\000g\000e\000m\000\040\000e\000s\000t\000r\000a\000t\000i\000f\000i\000c\000a\000d\000a}{chapter.6}% 87
\BOOKMARK [1][-]{section.6.4}{\376\377\000A\000m\000o\000s\000t\000r\000a\000g\000e\000m\000\040\000p\000o\000r\000\040\000c\000o\000n\000g\000l\000o\000m\000e\000r\000a\000d\000o\000s}{chapter.6}% 88
\BOOKMARK [1][-]{section.6.5}{\376\377\000A\000m\000o\000s\000t\000r\000a\000g\000e\000m\000\040\000p\000o\000r\000\040\000c\000o\000n\000v\000e\000n\000i\000\352\000n\000c\000i\000a}{chapter.6}% 89
\BOOKMARK [1][-]{section.6.6}{\376\377\000A\000m\000o\000s\000t\000r\000a\000g\000e\000m\000\040\000p\000o\000r\000\040\000a\000u\000t\000o\000-\000s\000e\000l\000e\000\347\000\343\000o}{chapter.6}% 90
\BOOKMARK [1][-]{section.6.7}{\376\377\000A\000m\000o\000s\000t\000r\000a\000g\000e\000m\000\040\000i\000n\000t\000e\000n\000c\000i\000o\000n\000a\000l}{chapter.6}% 91
\BOOKMARK [1][-]{section.6.8}{\376\377\000A\000m\000o\000s\000t\000r\000a\000g\000e\000m\000\040\000p\000o\000r\000\040\000b\000o\000l\000a\000\040\000d\000e\000\040\000n\000e\000v\000e}{chapter.6}% 92
\BOOKMARK [1][-]{section.6.9}{\376\377\000A\000m\000o\000s\000t\000r\000a\000g\000e\000m\000\040\000p\000o\000r\000\040\000q\000u\000o\000t\000a\000s}{chapter.6}% 93
\BOOKMARK [1][-]{section.6.10}{\376\377\000O\000\040\000c\000\341\000l\000c\000u\000l\000o\000\040\000d\000o\000\040\000t\000a\000m\000a\000n\000h\000o\000\040\000a\000m\000o\000s\000t\000r\000a\000l}{chapter.6}% 94
\BOOKMARK [1][-]{section.6.11}{\376\377\000A\000m\000o\000s\000t\000r\000a\000g\000e\000m\000\040\000e\000\040\000s\000u\000a\000\040\000r\000e\000l\000a\000\347\000\343\000o\000\040\000c\000o\000m\000\040\000o\000s\000\040\000r\000e\000s\000u\000l\000t\000a\000d\000o\000s}{chapter.6}% 95
\BOOKMARK [1][-]{section.6.12}{\376\377\000A\000m\000o\000s\000t\000r\000a\000g\000e\000m\000,\000\040\000d\000e\000l\000i\000n\000e\000a\000m\000e\000n\000t\000o\000\040\000e\000\040\000g\000e\000n\000e\000r\000a\000l\000i\000z\000a\000\347\000\343\000o}{chapter.6}% 96
\BOOKMARK [1][-]{section.6.13}{\376\377\000R\000e\000s\000u\000m\000o}{chapter.6}% 97
\BOOKMARK [0][-]{chapter.7}{\376\377\000E\000s\000t\000a\000t\000\355\000s\000t\000i\000c\000a\000\040\000I\000n\000f\000e\000r\000e\000n\000c\000i\000a\000l}{}% 98
\BOOKMARK [1][-]{section.7.1}{\376\377\000N\000H\000S\000T\000\040\000\050\000T\000e\000s\000t\000e\000\040\000d\000e\000\040\000S\000i\000g\000n\000i\000f\000i\000c\000\342\000n\000c\000i\000a\000\040\000d\000e\000\040\000H\000i\000p\000\363\000t\000e\000s\000e\000\040\000N\000u\000l\000a\000\051}{chapter.7}% 99
\BOOKMARK [2][-]{subsection.7.1.1}{\376\377\000A\000\040\000p\000r\000i\000m\000e\000i\000r\000a\000\040\000e\000t\000a\000p\000a\000:\000\040\000a\000\040\000h\000i\000p\000\363\000t\000e\000s\000e}{section.7.1}% 100
\BOOKMARK [1][-]{section.7.2}{\376\377\000N\000\355\000v\000e\000l\000\040\000d\000e\000\040\000s\000i\000g\000n\000i\000f\000i\000c\000\342\000n\000c\000i\000a}{chapter.7}% 101
\BOOKMARK [1][-]{section.7.3}{\376\377\000O\000\040\000t\000e\000s\000t\000e\000\040\000e\000s\000t\000a\000t\000\355\000s\000t\000i\000c\000o}{chapter.7}% 102
\BOOKMARK [1][-]{section.7.4}{\376\377\000O\000\040\000v\000a\000l\000o\000r\000\040\000d\000e\000\040\000P}{chapter.7}% 103
\BOOKMARK [1][-]{section.7.5}{\376\377\000O\000\040\000t\000a\000m\000a\000n\000h\000o\000\040\000d\000o\000\040\000e\000f\000e\000i\000t\000o}{chapter.7}% 104
\BOOKMARK [1][-]{section.7.6}{\376\377\000U\000m\000\040\000e\000x\000e\000m\000p\000l\000o\000\040\000i\000n\000t\000u\000i\000t\000i\000v\000o}{chapter.7}% 105
\BOOKMARK [1][-]{section.7.7}{\376\377\000O\000\040\000q\000u\000e\000\040\000n\000\343\000o\000\040\000t\000e\000\040\000c\000o\000n\000t\000a\000r\000a\000m\000\040\000s\000o\000b\000r\000e\000\040\000i\000n\000f\000e\000r\000\352\000n\000c\000i\000a\000\040\000e\000s\000t\000a\000t\000\355\000s\000t\000i\000c\000a}{chapter.7}% 106
\BOOKMARK [1][-]{section.7.8}{\376\377\000P\000e\000s\000q\000u\000i\000s\000a\000s\000\040\000a\000d\000i\000c\000i\000o\000n\000a\000i\000s}{chapter.7}% 107
\BOOKMARK [1][-]{section.7.9}{\376\377\000Q\000u\000e\000s\000t\000\365\000e\000s}{chapter.7}% 108
\BOOKMARK [0][-]{chapter.8}{\376\377\000U\000m\000\040\000e\000x\000e\000m\000p\000l\000o\000\040\000r\000e\000a\000l\000\040\000d\000e\000\040\000p\000e\000s\000q\000u\000i\000s\000a}{}% 109
\BOOKMARK [1][-]{section.8.1}{\376\377\000O\000\040\000q\000u\000e\000\040\000s\000e\000r\000\341\000\040\000p\000e\000s\000q\000u\000i\000s\000a\000d\000o}{chapter.8}% 110
\BOOKMARK [1][-]{section.8.2}{\376\377\000C\000o\000m\000o\000\040\000o\000s\000\040\000d\000a\000d\000o\000s\000\040\000s\000e\000r\000\343\000o\000\040\000c\000o\000l\000e\000t\000a\000d\000o\000s}{chapter.8}% 111
\BOOKMARK [1][-]{section.8.3}{\376\377\000D\000e\000\040\000o\000n\000d\000e\000\040\000o\000s\000\040\000d\000a\000d\000o\000s\000\040\000v\000\352\000m}{chapter.8}% 112
\BOOKMARK [1][-]{section.8.4}{\376\377\000A\000s\000\040\000a\000n\000\341\000l\000i\000s\000e\000s}{chapter.8}% 113
\BOOKMARK [1][-]{section.8.5}{\376\377\000O\000s\000\040\000a\000c\000h\000a\000d\000o\000s}{chapter.8}% 114
\BOOKMARK [1][-]{section.8.6}{\376\377\000D\000i\000v\000u\000l\000g\000a\000\347\000\343\000o\000\040\000d\000o\000\040\000e\000s\000t\000u\000d\000o}{chapter.8}% 115
\BOOKMARK [1][-]{section.8.7}{\376\377\000F\000l\000u\000x\000o\000g\000r\000a\000m\000a}{chapter.8}% 116
\BOOKMARK [1][-]{section.8.8}{\376\377\000R\000e\000s\000u\000m\000o}{chapter.8}% 117
\BOOKMARK [0][-]{chapter.9}{\376\377\000Q\000u\000i\000\040\000q\000u\000a\000d\000r\000a\000d\000o}{}% 118
\BOOKMARK [1][-]{section.9.1}{\376\377\000P\000e\000s\000q\000u\000i\000s\000a}{chapter.9}% 119
\BOOKMARK [1][-]{section.9.2}{\376\377\000E\000x\000e\000c\000u\000\347\000\343\000o\000\040\000n\000o\000\040\000R}{chapter.9}% 120
\BOOKMARK [1][-]{section.9.3}{\376\377\000T\000a\000m\000a\000n\000h\000o\000\040\000d\000o\000\040\000e\000f\000e\000i\000t\000o}{chapter.9}% 121
\BOOKMARK [1][-]{section.9.4}{\376\377\000E\000x\000e\000c\000u\000\347\000\343\000o\000\040\000n\000o\000\040\000J\000A\000S\000P}{chapter.9